2022-07-03 17:12:34.473 [ main ] - [ INFO  ] [ com.example.api.ApiApplication : 55 ] - Starting ApiApplication using Java 1.8.0_144 on DESKTOP-S10KK4P with PID 604 (D:\myself\IdeaProject\spring-boot-simple\api\target\classes started by maoshen5478 in D:\myself\IdeaProject\spring-boot-simple)
2022-07-03 17:12:34.476 [ main ] - [ DEBUG ] [ com.example.api.ApiApplication : 56 ] - Running with Spring Boot v2.7.1, Spring v5.3.21
2022-07-03 17:12:34.477 [ main ] - [ INFO  ] [ com.example.api.ApiApplication : 634 ] - No active profile set, falling back to 1 default profile: "default"
2022-07-03 17:12:35.769 [ main ] - [ INFO  ] [ org.apache.coyote.http11.Http11NioProtocol : 173 ] - Initializing ProtocolHandler ["http-nio-8080"]
2022-07-03 17:12:35.771 [ main ] - [ INFO  ] [ org.apache.catalina.core.StandardService : 173 ] - Starting service [Tomcat]
2022-07-03 17:12:35.772 [ main ] - [ INFO  ] [ org.apache.catalina.core.StandardEngine : 173 ] - Starting Servlet engine: [Apache Tomcat/9.0.64]
2022-07-03 17:12:35.898 [ main ] - [ INFO  ] [ o.a.c.core.ContainerBase.[Tomcat].[localhost].[/] : 173 ] - Initializing Spring embedded WebApplicationContext
2022-07-03 17:12:36.251 [ main ] - [ INFO  ] [ org.apache.coyote.http11.Http11NioProtocol : 173 ] - Starting ProtocolHandler ["http-nio-8080"]
2022-07-03 17:12:36.312 [ main ] - [ INFO  ] [ com.example.api.ApiApplication : 61 ] - Started ApiApplication in 2.73 seconds (JVM running for 5.323)
2022-07-03 17:12:45.507 [ http-nio-8080-exec-2 ] - [ INFO  ] [ o.a.c.core.ContainerBase.[Tomcat].[localhost].[/] : 173 ] - Initializing Spring LogInterceptor 'logInterceptor'
2022-07-03 17:12:45.507 [ http-nio-8080-exec-2 ] - [ INFO  ] [ com.example.api.config.LogInterceptor : 525 ] - Initializing Servlet 'logInterceptor'
2022-07-03 17:12:45.508 [ http-nio-8080-exec-2 ] - [ DEBUG ] [ com.example.api.config.LogInterceptor : 520 ] - Detected StandardServletMultipartResolver
2022-07-03 17:12:45.508 [ http-nio-8080-exec-2 ] - [ DEBUG ] [ com.example.api.config.LogInterceptor : 544 ] - Detected AcceptHeaderLocaleResolver
2022-07-03 17:12:45.508 [ http-nio-8080-exec-2 ] - [ DEBUG ] [ com.example.api.config.LogInterceptor : 569 ] - Detected FixedThemeResolver
2022-07-03 17:12:45.508 [ http-nio-8080-exec-2 ] - [ DEBUG ] [ com.example.api.config.LogInterceptor : 719 ] - Detected org.springframework.web.servlet.view.DefaultRequestToViewNameTranslator@39164ea2
2022-07-03 17:12:45.509 [ http-nio-8080-exec-2 ] - [ DEBUG ] [ com.example.api.config.LogInterceptor : 783 ] - Detected org.springframework.web.servlet.support.SessionFlashMapManager@6bdac85b
2022-07-03 17:12:45.509 [ http-nio-8080-exec-2 ] - [ DEBUG ] [ com.example.api.config.LogInterceptor : 542 ] - enableLoggingRequestDetails='false': request parameters and headers will be masked to prevent unsafe logging of potentially sensitive data
2022-07-03 17:12:45.509 [ http-nio-8080-exec-2 ] - [ INFO  ] [ com.example.api.config.LogInterceptor : 547 ] - Completed initialization in 1 ms
2022-07-03 17:12:45.525 [ http-nio-8080-exec-2 ] - [ DEBUG ] [ com.example.api.config.LogInterceptor : 119 ] - GET "/sys/test?id=123", parameters={masked}
2022-07-03 17:12:45.688 [ http-nio-8080-exec-2 ] - [ DEBUG ] [ com.example.api.config.LogInterceptor : 1131 ] - Completed 200 OK
2022-07-03 17:27:38.246 [ main ] - [ INFO  ] [ com.example.api.ApiApplication : 55 ] - Starting ApiApplication using Java 1.8.0_144 on DESKTOP-S10KK4P with PID 17908 (D:\myself\IdeaProject\spring-boot-simple\api\target\classes started by maoshen5478 in D:\myself\IdeaProject\spring-boot-simple)
2022-07-03 17:27:38.304 [ main ] - [ DEBUG ] [ com.example.api.ApiApplication : 56 ] - Running with Spring Boot v2.7.1, Spring v5.3.21
2022-07-03 17:27:38.305 [ main ] - [ INFO  ] [ com.example.api.ApiApplication : 634 ] - No active profile set, falling back to 1 default profile: "default"
2022-07-03 17:27:39.241 [ main ] - [ WARN  ] [ org.mybatis.spring.mapper.ClassPathMapperScanner : 44 ] - No MyBatis mapper was found in '[com.example.api]' package. Please check your configuration.
2022-07-03 17:27:39.696 [ main ] - [ INFO  ] [ org.apache.coyote.http11.Http11NioProtocol : 173 ] - Initializing ProtocolHandler ["http-nio-8080"]
2022-07-03 17:27:39.696 [ main ] - [ INFO  ] [ org.apache.catalina.core.StandardService : 173 ] - Starting service [Tomcat]
2022-07-03 17:27:39.697 [ main ] - [ INFO  ] [ org.apache.catalina.core.StandardEngine : 173 ] - Starting Servlet engine: [Apache Tomcat/9.0.64]
2022-07-03 17:27:39.854 [ main ] - [ INFO  ] [ o.a.c.core.ContainerBase.[Tomcat].[localhost].[/] : 173 ] - Initializing Spring embedded WebApplicationContext
2022-07-03 17:27:40.179 [ main ] - [ INFO  ] [ s.d.s.w.WebMvcPropertySourcedRequestMappingHandlerMapping : 69 ] - Mapped URL path [/v2/api-docs] onto method [springfox.documentation.swagger2.web.Swagger2ControllerWebMvc#getDocumentation(String, HttpServletRequest)]
2022-07-03 17:27:40.357 [ main ] - [ INFO  ] [ org.apache.catalina.core.StandardService : 173 ] - Stopping service [Tomcat]
2022-07-03 17:30:00.764 [ main ] - [ INFO  ] [ com.example.api.ApiApplication : 55 ] - Starting ApiApplication using Java 1.8.0_144 on DESKTOP-S10KK4P with PID 10808 (D:\myself\IdeaProject\spring-boot-simple\api\target\classes started by maoshen5478 in D:\myself\IdeaProject\spring-boot-simple)
2022-07-03 17:30:00.769 [ main ] - [ DEBUG ] [ com.example.api.ApiApplication : 56 ] - Running with Spring Boot v2.7.1, Spring v5.3.21
2022-07-03 17:30:00.770 [ main ] - [ INFO  ] [ com.example.api.ApiApplication : 634 ] - No active profile set, falling back to 1 default profile: "default"
2022-07-03 17:30:01.857 [ main ] - [ WARN  ] [ org.mybatis.spring.mapper.ClassPathMapperScanner : 44 ] - No MyBatis mapper was found in '[com.example.api]' package. Please check your configuration.
2022-07-03 17:30:02.282 [ main ] - [ INFO  ] [ org.apache.coyote.http11.Http11NioProtocol : 173 ] - Initializing ProtocolHandler ["http-nio-8080"]
2022-07-03 17:30:02.283 [ main ] - [ INFO  ] [ org.apache.catalina.core.StandardService : 173 ] - Starting service [Tomcat]
2022-07-03 17:30:02.283 [ main ] - [ INFO  ] [ org.apache.catalina.core.StandardEngine : 173 ] - Starting Servlet engine: [Apache Tomcat/9.0.64]
2022-07-03 17:30:02.441 [ main ] - [ INFO  ] [ o.a.c.core.ContainerBase.[Tomcat].[localhost].[/] : 173 ] - Initializing Spring embedded WebApplicationContext
2022-07-03 17:30:02.748 [ main ] - [ INFO  ] [ s.d.s.w.WebMvcPropertySourcedRequestMappingHandlerMapping : 69 ] - Mapped URL path [/v2/api-docs] onto method [springfox.documentation.swagger2.web.Swagger2ControllerWebMvc#getDocumentation(String, HttpServletRequest)]
2022-07-03 17:30:05.838 [ main ] - [ INFO  ] [ org.apache.coyote.http11.Http11NioProtocol : 173 ] - Starting ProtocolHandler ["http-nio-8080"]
2022-07-03 17:30:05.860 [ main ] - [ INFO  ] [ s.d.s.web.plugins.DocumentationPluginsBootstrapper : 93 ] - Documentation plugins bootstrapped
2022-07-03 17:30:05.863 [ main ] - [ INFO  ] [ s.d.s.web.plugins.DocumentationPluginsBootstrapper : 79 ] - Found 1 custom documentation plugin(s)
2022-07-03 17:30:07.129 [ main ] - [ INFO  ] [ org.apache.coyote.http11.Http11NioProtocol : 173 ] - Pausing ProtocolHandler ["http-nio-8080"]
2022-07-03 17:30:07.130 [ main ] - [ INFO  ] [ org.apache.catalina.core.StandardService : 173 ] - Stopping service [Tomcat]
2022-07-03 17:30:07.134 [ main ] - [ INFO  ] [ org.apache.coyote.http11.Http11NioProtocol : 173 ] - Stopping ProtocolHandler ["http-nio-8080"]
2022-07-03 17:30:07.140 [ main ] - [ INFO  ] [ org.apache.coyote.http11.Http11NioProtocol : 173 ] - Destroying ProtocolHandler ["http-nio-8080"]
2022-07-03 17:31:15.789 [ main ] - [ INFO  ] [ com.example.api.ApiApplication : 55 ] - Starting ApiApplication using Java 1.8.0_144 on DESKTOP-S10KK4P with PID 16664 (D:\myself\IdeaProject\spring-boot-simple\api\target\classes started by maoshen5478 in D:\myself\IdeaProject\spring-boot-simple)
2022-07-03 17:31:15.793 [ main ] - [ DEBUG ] [ com.example.api.ApiApplication : 56 ] - Running with Spring Boot v2.7.1, Spring v5.3.21
2022-07-03 17:31:15.794 [ main ] - [ INFO  ] [ com.example.api.ApiApplication : 634 ] - No active profile set, falling back to 1 default profile: "default"
2022-07-03 17:31:16.794 [ main ] - [ WARN  ] [ org.mybatis.spring.mapper.ClassPathMapperScanner : 44 ] - No MyBatis mapper was found in '[com.example.api]' package. Please check your configuration.
2022-07-03 17:31:17.236 [ main ] - [ INFO  ] [ org.apache.coyote.http11.Http11NioProtocol : 173 ] - Initializing ProtocolHandler ["http-nio-8080"]
2022-07-03 17:31:17.236 [ main ] - [ INFO  ] [ org.apache.catalina.core.StandardService : 173 ] - Starting service [Tomcat]
2022-07-03 17:31:17.237 [ main ] - [ INFO  ] [ org.apache.catalina.core.StandardEngine : 173 ] - Starting Servlet engine: [Apache Tomcat/9.0.64]
2022-07-03 17:31:17.395 [ main ] - [ INFO  ] [ o.a.c.core.ContainerBase.[Tomcat].[localhost].[/] : 173 ] - Initializing Spring embedded WebApplicationContext
2022-07-03 17:31:17.714 [ main ] - [ INFO  ] [ s.d.s.w.WebMvcPropertySourcedRequestMappingHandlerMapping : 69 ] - Mapped URL path [/v2/api-docs] onto method [springfox.documentation.swagger2.web.Swagger2ControllerWebMvc#getDocumentation(String, HttpServletRequest)]
2022-07-03 17:31:20.723 [ main ] - [ INFO  ] [ org.apache.coyote.http11.Http11NioProtocol : 173 ] - Starting ProtocolHandler ["http-nio-8080"]
2022-07-03 17:31:20.747 [ main ] - [ INFO  ] [ s.d.s.web.plugins.DocumentationPluginsBootstrapper : 93 ] - Documentation plugins bootstrapped
2022-07-03 17:31:20.750 [ main ] - [ INFO  ] [ s.d.s.web.plugins.DocumentationPluginsBootstrapper : 79 ] - Found 1 custom documentation plugin(s)
2022-07-03 17:31:22.050 [ main ] - [ INFO  ] [ org.apache.coyote.http11.Http11NioProtocol : 173 ] - Pausing ProtocolHandler ["http-nio-8080"]
2022-07-03 17:31:22.051 [ main ] - [ INFO  ] [ org.apache.catalina.core.StandardService : 173 ] - Stopping service [Tomcat]
2022-07-03 17:31:22.056 [ main ] - [ INFO  ] [ org.apache.coyote.http11.Http11NioProtocol : 173 ] - Stopping ProtocolHandler ["http-nio-8080"]
2022-07-03 17:31:22.060 [ main ] - [ INFO  ] [ org.apache.coyote.http11.Http11NioProtocol : 173 ] - Destroying ProtocolHandler ["http-nio-8080"]
2022-07-03 17:31:58.367 [ main ] - [ INFO  ] [ com.example.api.ApiApplication : 55 ] - Starting ApiApplication using Java 1.8.0_144 on DESKTOP-S10KK4P with PID 5028 (D:\myself\IdeaProject\spring-boot-simple\api\target\classes started by maoshen5478 in D:\myself\IdeaProject\spring-boot-simple)
2022-07-03 17:31:58.371 [ main ] - [ DEBUG ] [ com.example.api.ApiApplication : 56 ] - Running with Spring Boot v2.7.1, Spring v5.3.21
2022-07-03 17:31:58.372 [ main ] - [ INFO  ] [ com.example.api.ApiApplication : 634 ] - No active profile set, falling back to 1 default profile: "default"
2022-07-03 17:31:59.386 [ main ] - [ WARN  ] [ org.mybatis.spring.mapper.ClassPathMapperScanner : 44 ] - No MyBatis mapper was found in '[com.example.api]' package. Please check your configuration.
2022-07-03 17:31:59.806 [ main ] - [ INFO  ] [ org.apache.coyote.http11.Http11NioProtocol : 173 ] - Initializing ProtocolHandler ["http-nio-8080"]
2022-07-03 17:31:59.807 [ main ] - [ INFO  ] [ org.apache.catalina.core.StandardService : 173 ] - Starting service [Tomcat]
2022-07-03 17:31:59.807 [ main ] - [ INFO  ] [ org.apache.catalina.core.StandardEngine : 173 ] - Starting Servlet engine: [Apache Tomcat/9.0.64]
2022-07-03 17:31:59.955 [ main ] - [ INFO  ] [ o.a.c.core.ContainerBase.[Tomcat].[localhost].[/] : 173 ] - Initializing Spring embedded WebApplicationContext
2022-07-03 17:32:00.259 [ main ] - [ INFO  ] [ s.d.s.w.WebMvcPropertySourcedRequestMappingHandlerMapping : 69 ] - Mapped URL path [/v2/api-docs] onto method [springfox.documentation.swagger2.web.Swagger2ControllerWebMvc#getDocumentation(String, HttpServletRequest)]
2022-07-03 17:32:03.259 [ main ] - [ INFO  ] [ org.apache.coyote.http11.Http11NioProtocol : 173 ] - Starting ProtocolHandler ["http-nio-8080"]
2022-07-03 17:32:03.282 [ main ] - [ INFO  ] [ s.d.s.web.plugins.DocumentationPluginsBootstrapper : 93 ] - Documentation plugins bootstrapped
2022-07-03 17:32:03.288 [ main ] - [ INFO  ] [ s.d.s.web.plugins.DocumentationPluginsBootstrapper : 79 ] - Found 1 custom documentation plugin(s)
2022-07-03 17:32:04.536 [ main ] - [ INFO  ] [ org.apache.coyote.http11.Http11NioProtocol : 173 ] - Pausing ProtocolHandler ["http-nio-8080"]
2022-07-03 17:32:04.537 [ main ] - [ INFO  ] [ org.apache.catalina.core.StandardService : 173 ] - Stopping service [Tomcat]
2022-07-03 17:32:04.544 [ main ] - [ INFO  ] [ org.apache.coyote.http11.Http11NioProtocol : 173 ] - Stopping ProtocolHandler ["http-nio-8080"]
2022-07-03 17:32:04.549 [ main ] - [ INFO  ] [ org.apache.coyote.http11.Http11NioProtocol : 173 ] - Destroying ProtocolHandler ["http-nio-8080"]
2022-07-03 20:47:18.855 [ main ] - [ INFO  ] [ com.example.api.ApiApplication : 55 ] - Starting ApiApplication using Java 1.8.0_144 on DESKTOP-S10KK4P with PID 17440 (D:\myself\IdeaProject\spring-boot-simple\api\target\classes started by maoshen5478 in D:\myself\IdeaProject\spring-boot-simple)
2022-07-03 20:47:18.862 [ main ] - [ DEBUG ] [ com.example.api.ApiApplication : 56 ] - Running with Spring Boot v2.7.1, Spring v5.3.21
2022-07-03 20:47:18.863 [ main ] - [ INFO  ] [ com.example.api.ApiApplication : 634 ] - No active profile set, falling back to 1 default profile: "default"
2022-07-03 20:47:19.783 [ main ] - [ WARN  ] [ org.mybatis.spring.mapper.ClassPathMapperScanner : 44 ] - No MyBatis mapper was found in '[com.example.api]' package. Please check your configuration.
2022-07-03 20:47:20.221 [ main ] - [ INFO  ] [ org.apache.coyote.http11.Http11NioProtocol : 173 ] - Initializing ProtocolHandler ["http-nio-8080"]
2022-07-03 20:47:20.222 [ main ] - [ INFO  ] [ org.apache.catalina.core.StandardService : 173 ] - Starting service [Tomcat]
2022-07-03 20:47:20.222 [ main ] - [ INFO  ] [ org.apache.catalina.core.StandardEngine : 173 ] - Starting Servlet engine: [Apache Tomcat/9.0.64]
2022-07-03 20:47:20.362 [ main ] - [ INFO  ] [ o.a.c.core.ContainerBase.[Tomcat].[localhost].[/] : 173 ] - Initializing Spring embedded WebApplicationContext
2022-07-03 20:47:20.625 [ main ] - [ INFO  ] [ s.d.s.w.WebMvcPropertySourcedRequestMappingHandlerMapping : 69 ] - Mapped URL path [/v2/api-docs] onto method [springfox.documentation.swagger2.web.Swagger2ControllerWebMvc#getDocumentation(String, HttpServletRequest)]
2022-07-03 20:47:23.384 [ main ] - [ INFO  ] [ org.apache.coyote.http11.Http11NioProtocol : 173 ] - Starting ProtocolHandler ["http-nio-8080"]
2022-07-03 20:47:23.405 [ main ] - [ INFO  ] [ s.d.s.web.plugins.DocumentationPluginsBootstrapper : 93 ] - Documentation plugins bootstrapped
2022-07-03 20:47:23.408 [ main ] - [ INFO  ] [ s.d.s.web.plugins.DocumentationPluginsBootstrapper : 79 ] - Found 1 custom documentation plugin(s)
2022-07-03 20:47:23.431 [ main ] - [ INFO  ] [ s.d.spring.web.scanners.ApiListingReferenceScanner : 44 ] - Scanning for api listing references
2022-07-03 20:47:23.511 [ main ] - [ INFO  ] [ com.example.api.ApiApplication : 61 ] - Started ApiApplication in 5.375 seconds (JVM running for 7.581)
2022-07-03 20:48:01.682 [ http-nio-8080-exec-1 ] - [ INFO  ] [ o.a.c.core.ContainerBase.[Tomcat].[localhost].[/] : 173 ] - Initializing Spring LogInterceptor 'logInterceptor'
2022-07-03 20:48:01.683 [ http-nio-8080-exec-1 ] - [ INFO  ] [ com.example.api.config.LogInterceptor : 525 ] - Initializing Servlet 'logInterceptor'
2022-07-03 20:48:01.683 [ http-nio-8080-exec-1 ] - [ DEBUG ] [ com.example.api.config.LogInterceptor : 520 ] - Detected StandardServletMultipartResolver
2022-07-03 20:48:01.683 [ http-nio-8080-exec-1 ] - [ DEBUG ] [ com.example.api.config.LogInterceptor : 544 ] - Detected AcceptHeaderLocaleResolver
2022-07-03 20:48:01.683 [ http-nio-8080-exec-1 ] - [ DEBUG ] [ com.example.api.config.LogInterceptor : 569 ] - Detected FixedThemeResolver
2022-07-03 20:48:01.684 [ http-nio-8080-exec-1 ] - [ DEBUG ] [ com.example.api.config.LogInterceptor : 719 ] - Detected org.springframework.web.servlet.view.DefaultRequestToViewNameTranslator@4359f3b
2022-07-03 20:48:01.684 [ http-nio-8080-exec-1 ] - [ DEBUG ] [ com.example.api.config.LogInterceptor : 783 ] - Detected org.springframework.web.servlet.support.SessionFlashMapManager@2f5fd646
2022-07-03 20:48:01.684 [ http-nio-8080-exec-1 ] - [ DEBUG ] [ com.example.api.config.LogInterceptor : 542 ] - enableLoggingRequestDetails='false': request parameters and headers will be masked to prevent unsafe logging of potentially sensitive data
2022-07-03 20:48:01.685 [ http-nio-8080-exec-1 ] - [ INFO  ] [ com.example.api.config.LogInterceptor : 547 ] - Completed initialization in 2 ms
2022-07-03 20:48:01.693 [ http-nio-8080-exec-1 ] - [ DEBUG ] [ com.example.api.config.LogInterceptor : 119 ] - GET "/index", parameters={}
2022-07-03 20:48:01.704 [ http-nio-8080-exec-1 ] - [ DEBUG ] [ com.example.api.config.LogInterceptor : 1131 ] - Completed 404 NOT_FOUND
2022-07-03 20:48:01.709 [ http-nio-8080-exec-1 ] - [ DEBUG ] [ com.example.api.config.LogInterceptor : 119 ] - "ERROR" dispatch for GET "/error", parameters={}
2022-07-03 20:48:01.743 [ http-nio-8080-exec-1 ] - [ DEBUG ] [ com.example.api.config.LogInterceptor : 1127 ] - Exiting from "ERROR" dispatch, status 404
2022-07-03 20:48:08.100 [ http-nio-8080-exec-4 ] - [ DEBUG ] [ com.example.api.config.LogInterceptor : 119 ] - GET "/doc.html", parameters={}
2022-07-03 20:48:08.120 [ http-nio-8080-exec-4 ] - [ DEBUG ] [ com.example.api.config.LogInterceptor : 1131 ] - Completed 200 OK
2022-07-03 20:48:08.144 [ http-nio-8080-exec-3 ] - [ DEBUG ] [ com.example.api.config.LogInterceptor : 119 ] - GET "/webjars/css/app.f802fc13.css", parameters={}
2022-07-03 20:48:08.147 [ http-nio-8080-exec-2 ] - [ DEBUG ] [ com.example.api.config.LogInterceptor : 119 ] - GET "/webjars/css/chunk-vendors.2997cc1a.css", parameters={}
2022-07-03 20:48:08.149 [ http-nio-8080-exec-5 ] - [ DEBUG ] [ com.example.api.config.LogInterceptor : 119 ] - GET "/webjars/js/app.23f8b31d.js", parameters={}
2022-07-03 20:48:08.153 [ http-nio-8080-exec-10 ] - [ DEBUG ] [ com.example.api.config.LogInterceptor : 119 ] - GET "/webjars/js/chunk-vendors.90e8ba20.js", parameters={}
2022-07-03 20:48:08.165 [ http-nio-8080-exec-8 ] - [ DEBUG ] [ com.example.api.config.LogInterceptor : 119 ] - GET "/webjars/js/chunk-069eb437.a0c9f0ca.js", parameters={}
2022-07-03 20:48:08.165 [ http-nio-8080-exec-7 ] - [ DEBUG ] [ com.example.api.config.LogInterceptor : 119 ] - GET "/webjars/css/chunk-51277dbe.57225f85.css", parameters={}
2022-07-03 20:48:08.172 [ http-nio-8080-exec-7 ] - [ DEBUG ] [ com.example.api.config.LogInterceptor : 1131 ] - Completed 200 OK
2022-07-03 20:48:08.173 [ http-nio-8080-exec-8 ] - [ DEBUG ] [ com.example.api.config.LogInterceptor : 1131 ] - Completed 200 OK
2022-07-03 20:48:08.179 [ http-nio-8080-exec-2 ] - [ DEBUG ] [ com.example.api.config.LogInterceptor : 1131 ] - Completed 200 OK
2022-07-03 20:48:08.184 [ http-nio-8080-exec-5 ] - [ DEBUG ] [ com.example.api.config.LogInterceptor : 1131 ] - Completed 200 OK
2022-07-03 20:48:08.186 [ http-nio-8080-exec-3 ] - [ DEBUG ] [ com.example.api.config.LogInterceptor : 1131 ] - Completed 200 OK
2022-07-03 20:48:08.188 [ http-nio-8080-exec-9 ] - [ DEBUG ] [ com.example.api.config.LogInterceptor : 119 ] - GET "/webjars/js/chunk-0fd67716.d57e2c41.js", parameters={}
2022-07-03 20:48:08.196 [ http-nio-8080-exec-6 ] - [ DEBUG ] [ com.example.api.config.LogInterceptor : 119 ] - GET "/webjars/js/chunk-2d0af44e.c09671a4.js", parameters={}
2022-07-03 20:48:08.202 [ http-nio-8080-exec-4 ] - [ DEBUG ] [ com.example.api.config.LogInterceptor : 119 ] - GET "/webjars/js/chunk-2d0d0b98.4693c46e.js", parameters={}
2022-07-03 20:48:08.202 [ http-nio-8080-exec-1 ] - [ DEBUG ] [ com.example.api.config.LogInterceptor : 119 ] - GET "/webjars/js/chunk-2d0bd799.5bb1a14e.js", parameters={}
2022-07-03 20:48:08.203 [ http-nio-8080-exec-6 ] - [ DEBUG ] [ com.example.api.config.LogInterceptor : 1131 ] - Completed 200 OK
2022-07-03 20:48:08.207 [ http-nio-8080-exec-1 ] - [ DEBUG ] [ com.example.api.config.LogInterceptor : 1131 ] - Completed 200 OK
2022-07-03 20:48:08.207 [ http-nio-8080-exec-4 ] - [ DEBUG ] [ com.example.api.config.LogInterceptor : 1131 ] - Completed 200 OK
2022-07-03 20:48:08.214 [ http-nio-8080-exec-9 ] - [ DEBUG ] [ com.example.api.config.LogInterceptor : 1131 ] - Completed 200 OK
2022-07-03 20:48:08.215 [ http-nio-8080-exec-7 ] - [ DEBUG ] [ com.example.api.config.LogInterceptor : 119 ] - GET "/webjars/js/chunk-2d0da532.a47fb5c8.js", parameters={}
2022-07-03 20:48:08.218 [ http-nio-8080-exec-8 ] - [ DEBUG ] [ com.example.api.config.LogInterceptor : 119 ] - GET "/webjars/js/chunk-2d22269d.fc57b306.js", parameters={}
2022-07-03 20:48:08.221 [ http-nio-8080-exec-2 ] - [ DEBUG ] [ com.example.api.config.LogInterceptor : 119 ] - GET "/webjars/js/chunk-3b888a65.8737ce4f.js", parameters={}
2022-07-03 20:48:08.222 [ http-nio-8080-exec-5 ] - [ DEBUG ] [ com.example.api.config.LogInterceptor : 119 ] - GET "/webjars/js/chunk-3ec4aaa8.a79d19f8.js", parameters={}
2022-07-03 20:48:08.222 [ http-nio-8080-exec-7 ] - [ DEBUG ] [ com.example.api.config.LogInterceptor : 1131 ] - Completed 200 OK
2022-07-03 20:48:08.223 [ http-nio-8080-exec-8 ] - [ DEBUG ] [ com.example.api.config.LogInterceptor : 1131 ] - Completed 200 OK
2022-07-03 20:48:08.225 [ http-nio-8080-exec-2 ] - [ DEBUG ] [ com.example.api.config.LogInterceptor : 1131 ] - Completed 200 OK
2022-07-03 20:48:08.235 [ http-nio-8080-exec-3 ] - [ DEBUG ] [ com.example.api.config.LogInterceptor : 119 ] - GET "/webjars/js/chunk-51277dbe.6f598840.js", parameters={}
2022-07-03 20:48:08.236 [ http-nio-8080-exec-5 ] - [ DEBUG ] [ com.example.api.config.LogInterceptor : 1131 ] - Completed 200 OK
2022-07-03 20:48:08.240 [ http-nio-8080-exec-6 ] - [ DEBUG ] [ com.example.api.config.LogInterceptor : 119 ] - GET "/webjars/js/chunk-589faee0.5b861f49.js", parameters={}
2022-07-03 20:48:08.240 [ http-nio-8080-exec-1 ] - [ DEBUG ] [ com.example.api.config.LogInterceptor : 119 ] - GET "/webjars/js/chunk-735c675c.be4e3cfe.js", parameters={}
2022-07-03 20:48:08.241 [ http-nio-8080-exec-3 ] - [ DEBUG ] [ com.example.api.config.LogInterceptor : 1131 ] - Completed 200 OK
2022-07-03 20:48:08.251 [ http-nio-8080-exec-6 ] - [ DEBUG ] [ com.example.api.config.LogInterceptor : 1131 ] - Completed 200 OK
2022-07-03 20:48:08.252 [ http-nio-8080-exec-4 ] - [ DEBUG ] [ com.example.api.config.LogInterceptor : 119 ] - GET "/webjars/js/chunk-adb9e944.fff7fcef.js", parameters={}
2022-07-03 20:48:08.257 [ http-nio-8080-exec-4 ] - [ DEBUG ] [ com.example.api.config.LogInterceptor : 1131 ] - Completed 200 OK
2022-07-03 20:48:08.268 [ http-nio-8080-exec-1 ] - [ DEBUG ] [ com.example.api.config.LogInterceptor : 1131 ] - Completed 200 OK
2022-07-03 20:48:08.287 [ http-nio-8080-exec-10 ] - [ DEBUG ] [ com.example.api.config.LogInterceptor : 1131 ] - Completed 200 OK
2022-07-03 20:48:08.588 [ http-nio-8080-exec-9 ] - [ DEBUG ] [ com.example.api.config.LogInterceptor : 119 ] - GET "/swagger-resources", parameters={}
2022-07-03 20:48:08.639 [ http-nio-8080-exec-9 ] - [ DEBUG ] [ com.example.api.config.LogInterceptor : 1131 ] - Completed 200 OK
2022-07-03 20:48:08.648 [ http-nio-8080-exec-6 ] - [ DEBUG ] [ com.example.api.config.LogInterceptor : 119 ] - GET "/v2/api-docs?group=1.x%E7%89%88%E6%9C%AC", parameters={masked}
2022-07-03 20:48:08.722 [ http-nio-8080-exec-6 ] - [ DEBUG ] [ com.example.api.config.LogInterceptor : 1131 ] - Completed 200 OK
2022-07-03 20:49:18.903 [ http-nio-8080-exec-1 ] - [ DEBUG ] [ com.example.api.config.LogInterceptor : 119 ] - GET "/sys/test", parameters={}
2022-07-03 20:49:18.941 [ http-nio-8080-exec-1 ] - [ DEBUG ] [ com.example.api.config.LogInterceptor : 1131 ] - Completed 200 OK
